2026-07-04T06:26:14.788+05:30  WARN 4856 --- [portfoliobackend] [HikariPool-1:housekeeper] com.zaxxer.hikari.pool.HikariPool        : HikariPool-1 - Thread starvation or clock leap detected (housekeeper delta=3d6h30m53s544ms286µs900ns).
2026-07-04T06:29:35.015+05:30  WARN 4856 --- [portfoliobackend] [HikariPool-1:housekeeper] com.zaxxer.hikari.pool.HikariPool        : HikariPool-1 - Thread starvation or clock leap detected (housekeeper delta=2m56s322ms906µs900ns).
2026-07-04T06:31:19.155+05:30  INFO 4856 --- [portfoliobackend] [RMI TCP Connection(2028)-127.0.0.1] inMXBeanRegistrar$SpringApplicationAdmin : Application shutdown requested.
2026-07-04T06:31:19.209+05:30  INFO 4856 --- [portfoliobackend] [RMI TCP Connection(2028)-127.0.0.1] o.s.boot.tomcat.GracefulShutdown         : Commencing graceful shutdown. Waiting for active requests to complete
2026-07-04T06:31:19.230+05:30  INFO 4856 --- [portfoliobackend] [tomcat-shutdown] o.s.boot.tomcat.GracefulShutdown         : Graceful shutdown complete
2026-07-04T06:31:19.319+05:30  INFO 4856 --- [portfoliobackend] [RMI TCP Connection(2028)-127.0.0.1] com.zaxxer.hikari.HikariDataSource       : HikariPool-1 - Shutdown initiated...
2026-07-04T06:31:19.336+05:30  INFO 4856 --- [portfoliobackend] [RMI TCP Connection(2028)-127.0.0.1] com.zaxxer.hikari.HikariDataSource       : HikariPool-1 - Shutdown completed.
2026-07-04T06:31:49.221+05:30  INFO 23892 --- [portfoliobackend] [restartedMain] c.a.p.PortfoliobackendApplication        : Starting PortfoliobackendApplication using Java 21.0.7 with PID 23892 (C:\Users\AbiKumar D\Downloads\portfoliobackend\portfoliobackend\target\classes started by AbiKumar D in C:\Users\AbiKumar D\Downloads\portfoliobackend\portfoliobackend)
2026-07-04T06:31:49.226+05:30  INFO 23892 --- [portfoliobackend] [restartedMain] c.a.p.PortfoliobackendApplication        : No active profile set, falling back to 1 default profile: "default"
2026-07-04T06:31:49.329+05:30  INFO 23892 --- [portfoliobackend] [restartedMain] .e.DevToolsPropertyDefaultsPostProcessor : Devtools property defaults active! Set 'spring.devtools.add-properties' to 'false' to disable
2026-07-04T06:31:49.330+05:30  INFO 23892 --- [portfoliobackend] [restartedMain] .e.DevToolsPropertyDefaultsPostProcessor : For additional web related logging consider setting the 'logging.level.web' property to 'DEBUG'
2026-07-04T06:31:51.421+05:30  INFO 23892 --- [portfoliobackend] [restartedMain] .s.d.r.c.RepositoryConfigurationDelegate : Multiple Spring Data modules found, entering strict repository configuration mode
2026-07-04T06:31:51.428+05:30  INFO 23892 --- [portfoliobackend] [restartedMain] .s.d.r.c.RepositoryConfigurationDelegate : Bootstrapping Spring Data Redis repositories in DEFAULT mode.
2026-07-04T06:31:51.500+05:30  INFO 23892 --- [portfoliobackend] [restartedMain] .s.d.r.c.RepositoryConfigurationDelegate : Finished Spring Data repository scanning in 35 ms. Found 0 Redis repository interfaces.
2026-07-04T06:31:52.826+05:30  INFO 23892 --- [portfoliobackend] [restartedMain] o.s.boot.tomcat.TomcatWebServer          : Tomcat initialized with port 8080 (http)
2026-07-04T06:31:52.870+05:30  INFO 23892 --- [portfoliobackend] [restartedMain] o.apache.catalina.core.StandardService   : Starting service [Tomcat]
2026-07-04T06:31:52.871+05:30  INFO 23892 --- [portfoliobackend] [restartedMain] o.apache.catalina.core.StandardEngine    : Starting Servlet engine: [Apache Tomcat/11.0.21]
2026-07-04T06:31:52.976+05:30  INFO 23892 --- [portfoliobackend] [restartedMain] b.w.c.s.WebApplicationContextInitializer : Root WebApplicationContext: initialization completed in 3644 ms
2026-07-04T06:31:54.218+05:30  WARN 23892 --- [portfoliobackend] [restartedMain] .s.a.UserDetailsServiceAutoConfiguration : 

Using generated security password: f7481974-0601-47d7-8c7e-8a7ed91b944b

This generated password is for development use only. Your security configuration must be updated before running your application in production.

2026-07-04T06:31:54.246+05:30  INFO 23892 --- [portfoliobackend] [restartedMain] r$InitializeUserDetailsManagerConfigurer : Global AuthenticationManager configured with UserDetailsService bean with name inMemoryUserDetailsManager
2026-07-04T06:31:55.468+05:30  INFO 23892 --- [portfoliobackend] [restartedMain] o.s.boot.tomcat.TomcatWebServer          : Tomcat started on port 8080 (http) with context path '/'
2026-07-04T06:31:55.482+05:30  INFO 23892 --- [portfoliobackend] [restartedMain] c.a.p.PortfoliobackendApplication        : Started PortfoliobackendApplication in 7.038 seconds (process running for 17.137)
2026-07-04T06:32:24.907+05:30  INFO 23892 --- [portfoliobackend] [http-nio-8080-exec-2] o.a.c.c.C.[Tomcat].[localhost].[/]       : Initializing Spring DispatcherServlet 'dispatcherServlet'
2026-07-04T06:32:24.911+05:30  INFO 23892 --- [portfoliobackend] [http-nio-8080-exec-2] o.s.web.servlet.DispatcherServlet        : Initializing Servlet 'dispatcherServlet'
2026-07-04T06:32:24.924+05:30  INFO 23892 --- [portfoliobackend] [http-nio-8080-exec-2] o.s.web.servlet.DispatcherServlet        : Completed initialization in 13 ms
2026-07-04T06:36:35.055+05:30  INFO 23892 --- [portfoliobackend] [RMI TCP Connection(8)-127.0.0.1] inMXBeanRegistrar$SpringApplicationAdmin : Application shutdown requested.
2026-07-04T06:36:35.063+05:30  INFO 23892 --- [portfoliobackend] [RMI TCP Connection(8)-127.0.0.1] o.s.boot.tomcat.GracefulShutdown         : Commencing graceful shutdown. Waiting for active requests to complete
2026-07-04T06:36:35.078+05:30  INFO 23892 --- [portfoliobackend] [tomcat-shutdown] o.s.boot.tomcat.GracefulShutdown         : Graceful shutdown complete
2026-07-04T06:40:06.129+05:30  INFO 30036 --- [portfoliobackend] [restartedMain] c.a.p.PortfoliobackendApplication        : Starting PortfoliobackendApplication using Java 21.0.7 with PID 30036 (C:\Users\AbiKumar D\Downloads\portfoliobackend\portfoliobackend\target\classes started by AbiKumar D in C:\Users\AbiKumar D\Downloads\portfoliobackend\portfoliobackend)
2026-07-04T06:40:06.135+05:30  INFO 30036 --- [portfoliobackend] [restartedMain] c.a.p.PortfoliobackendApplication        : No active profile set, falling back to 1 default profile: "default"
2026-07-04T06:40:06.218+05:30  INFO 30036 --- [portfoliobackend] [restartedMain] .e.DevToolsPropertyDefaultsPostProcessor : Devtools property defaults active! Set 'spring.devtools.add-properties' to 'false' to disable
2026-07-04T06:40:06.218+05:30  INFO 30036 --- [portfoliobackend] [restartedMain] .e.DevToolsPropertyDefaultsPostProcessor : For additional web related logging consider setting the 'logging.level.web' property to 'DEBUG'
2026-07-04T06:40:07.480+05:30  INFO 30036 --- [portfoliobackend] [restartedMain] .s.d.r.c.RepositoryConfigurationDelegate : Multiple Spring Data modules found, entering strict repository configuration mode
2026-07-04T06:40:07.484+05:30  INFO 30036 --- [portfoliobackend] [restartedMain] .s.d.r.c.RepositoryConfigurationDelegate : Bootstrapping Spring Data Redis repositories in DEFAULT mode.
2026-07-04T06:40:07.545+05:30  INFO 30036 --- [portfoliobackend] [restartedMain] .s.d.r.c.RepositoryConfigurationDelegate : Finished Spring Data repository scanning in 33 ms. Found 0 Redis repository interfaces.
2026-07-04T06:40:08.600+05:30  INFO 30036 --- [portfoliobackend] [restartedMain] o.s.boot.tomcat.TomcatWebServer          : Tomcat initialized with port 8080 (http)
2026-07-04T06:40:08.623+05:30  INFO 30036 --- [portfoliobackend] [restartedMain] o.apache.catalina.core.StandardService   : Starting service [Tomcat]
2026-07-04T06:40:08.624+05:30  INFO 30036 --- [portfoliobackend] [restartedMain] o.apache.catalina.core.StandardEngine    : Starting Servlet engine: [Apache Tomcat/11.0.21]
2026-07-04T06:40:08.707+05:30  INFO 30036 --- [portfoliobackend] [restartedMain] b.w.c.s.WebApplicationContextInitializer : Root WebApplicationContext: initialization completed in 2488 ms
2026-07-04T06:40:09.740+05:30  WARN 30036 --- [portfoliobackend] [restartedMain] .s.a.UserDetailsServiceAutoConfiguration : 

Using generated security password: 66313772-a2db-456e-befc-18dde506c4c2

This generated password is for development use only. Your security configuration must be updated before running your application in production.

2026-07-04T06:40:09.754+05:30  INFO 30036 --- [portfoliobackend] [restartedMain] r$InitializeUserDetailsManagerConfigurer : Global AuthenticationManager configured with UserDetailsService bean with name inMemoryUserDetailsManager
2026-07-04T06:40:10.737+05:30  INFO 30036 --- [portfoliobackend] [restartedMain] o.s.boot.tomcat.TomcatWebServer          : Tomcat started on port 8080 (http) with context path '/'
2026-07-04T06:40:10.750+05:30  INFO 30036 --- [portfoliobackend] [restartedMain] c.a.p.PortfoliobackendApplication        : Started PortfoliobackendApplication in 5.272 seconds (process running for 6.664)
2026-07-04T06:40:20.802+05:30  INFO 30036 --- [portfoliobackend] [http-nio-8080-exec-1] o.a.c.c.C.[Tomcat].[localhost].[/]       : Initializing Spring DispatcherServlet 'dispatcherServlet'
2026-07-04T06:40:20.802+05:30  INFO 30036 --- [portfoliobackend] [http-nio-8080-exec-1] o.s.web.servlet.DispatcherServlet        : Initializing Servlet 'dispatcherServlet'
2026-07-04T06:40:20.810+05:30  INFO 30036 --- [portfoliobackend] [http-nio-8080-exec-1] o.s.web.servlet.DispatcherServlet        : Completed initialization in 6 ms
2026-07-04T06:40:20.912+05:30  INFO 30036 --- [portfoliobackend] [http-nio-8080-exec-1] com.zaxxer.hikari.HikariDataSource       : HikariPool-1 - Starting...
2026-07-04T06:40:21.781+05:30  INFO 30036 --- [portfoliobackend] [http-nio-8080-exec-1] com.zaxxer.hikari.pool.HikariPool        : HikariPool-1 - Added connection com.mysql.cj.jdbc.ConnectionImpl@67f3ab9d
2026-07-04T06:40:21.785+05:30  INFO 30036 --- [portfoliobackend] [http-nio-8080-exec-1] com.zaxxer.hikari.HikariDataSource       : HikariPool-1 - Start completed.
2026-07-04T06:45:01.144+05:30  INFO 30036 --- [portfoliobackend] [RMI TCP Connection(8)-127.0.0.1] inMXBeanRegistrar$SpringApplicationAdmin : Application shutdown requested.
2026-07-04T06:45:01.155+05:30  INFO 30036 --- [portfoliobackend] [RMI TCP Connection(8)-127.0.0.1] o.s.boot.tomcat.GracefulShutdown         : Commencing graceful shutdown. Waiting for active requests to complete
2026-07-04T06:45:01.167+05:30  INFO 30036 --- [portfoliobackend] [tomcat-shutdown] o.s.boot.tomcat.GracefulShutdown         : Graceful shutdown complete
2026-07-04T06:45:01.195+05:30  INFO 30036 --- [portfoliobackend] [RMI TCP Connection(8)-127.0.0.1] com.zaxxer.hikari.HikariDataSource       : HikariPool-1 - Shutdown initiated...
2026-07-04T06:45:01.217+05:30  INFO 30036 --- [portfoliobackend] [RMI TCP Connection(8)-127.0.0.1] com.zaxxer.hikari.HikariDataSource       : HikariPool-1 - Shutdown completed.
2026-07-04T06:51:41.165+05:30  INFO 23372 --- [portfoliobackend] [restartedMain] c.a.p.PortfoliobackendApplication        : Starting PortfoliobackendApplication using Java 21.0.7 with PID 23372 (C:\Users\AbiKumar D\Downloads\portfoliobackend\portfoliobackend\target\classes started by AbiKumar D in C:\Users\AbiKumar D\Downloads\portfoliobackend\portfoliobackend)
2026-07-04T06:51:41.173+05:30  INFO 23372 --- [portfoliobackend] [restartedMain] c.a.p.PortfoliobackendApplication        : No active profile set, falling back to 1 default profile: "default"
2026-07-04T06:51:41.287+05:30  INFO 23372 --- [portfoliobackend] [restartedMain] .e.DevToolsPropertyDefaultsPostProcessor : Devtools property defaults active! Set 'spring.devtools.add-properties' to 'false' to disable
2026-07-04T06:51:41.288+05:30  INFO 23372 --- [portfoliobackend] [restartedMain] .e.DevToolsPropertyDefaultsPostProcessor : For additional web related logging consider setting the 'logging.level.web' property to 'DEBUG'
2026-07-04T06:51:43.691+05:30  INFO 23372 --- [portfoliobackend] [restartedMain] .s.d.r.c.RepositoryConfigurationDelegate : Multiple Spring Data modules found, entering strict repository configuration mode
2026-07-04T06:51:43.698+05:30  INFO 23372 --- [portfoliobackend] [restartedMain] .s.d.r.c.RepositoryConfigurationDelegate : Bootstrapping Spring Data Redis repositories in DEFAULT mode.
2026-07-04T06:51:43.765+05:30  INFO 23372 --- [portfoliobackend] [restartedMain] .s.d.r.c.RepositoryConfigurationDelegate : Finished Spring Data repository scanning in 31 ms. Found 0 Redis repository interfaces.
2026-07-04T06:51:44.873+05:30  INFO 23372 --- [portfoliobackend] [restartedMain] o.s.boot.tomcat.TomcatWebServer          : Tomcat initialized with port 8080 (http)
2026-07-04T06:51:44.911+05:30  INFO 23372 --- [portfoliobackend] [restartedMain] o.apache.catalina.core.StandardService   : Starting service [Tomcat]
2026-07-04T06:51:44.911+05:30  INFO 23372 --- [portfoliobackend] [restartedMain] o.apache.catalina.core.StandardEngine    : Starting Servlet engine: [Apache Tomcat/11.0.21]
2026-07-04T06:51:44.984+05:30  INFO 23372 --- [portfoliobackend] [restartedMain] b.w.c.s.WebApplicationContextInitializer : Root WebApplicationContext: initialization completed in 3694 ms
2026-07-04T06:51:45.971+05:30  WARN 23372 --- [portfoliobackend] [restartedMain] .s.a.UserDetailsServiceAutoConfiguration : 

Using generated security password: ad2fc0ff-93c2-4492-b068-b6fe4c388d73

This generated password is for development use only. Your security configuration must be updated before running your application in production.

2026-07-04T06:51:45.987+05:30  INFO 23372 --- [portfoliobackend] [restartedMain] r$InitializeUserDetailsManagerConfigurer : Global AuthenticationManager configured with UserDetailsService bean with name inMemoryUserDetailsManager
2026-07-04T06:51:47.015+05:30  INFO 23372 --- [portfoliobackend] [restartedMain] o.s.boot.tomcat.TomcatWebServer          : Tomcat started on port 8080 (http) with context path '/'
2026-07-04T06:51:47.028+05:30  INFO 23372 --- [portfoliobackend] [restartedMain] c.a.p.PortfoliobackendApplication        : Started PortfoliobackendApplication in 6.674 seconds (process running for 10.332)
2026-07-04T06:52:32.080+05:30  INFO 23372 --- [portfoliobackend] [http-nio-8080-exec-1] o.a.c.c.C.[Tomcat].[localhost].[/]       : Initializing Spring DispatcherServlet 'dispatcherServlet'
2026-07-04T06:52:32.081+05:30  INFO 23372 --- [portfoliobackend] [http-nio-8080-exec-1] o.s.web.servlet.DispatcherServlet        : Initializing Servlet 'dispatcherServlet'
2026-07-04T06:52:32.085+05:30  INFO 23372 --- [portfoliobackend] [http-nio-8080-exec-1] o.s.web.servlet.DispatcherServlet        : Completed initialization in 2 ms
2026-07-04T06:53:58.862+05:30  INFO 23372 --- [portfoliobackend] [RMI TCP Connection(6)-127.0.0.1] inMXBeanRegistrar$SpringApplicationAdmin : Application shutdown requested.
2026-07-04T06:53:58.866+05:30  INFO 23372 --- [portfoliobackend] [RMI TCP Connection(6)-127.0.0.1] o.s.boot.tomcat.GracefulShutdown         : Commencing graceful shutdown. Waiting for active requests to complete
2026-07-04T06:53:58.876+05:30  INFO 23372 --- [portfoliobackend] [tomcat-shutdown] o.s.boot.tomcat.GracefulShutdown         : Graceful shutdown complete
2026-07-04T06:55:08.401+05:30  INFO 32732 --- [portfoliobackend] [restartedMain] c.a.p.PortfoliobackendApplication        : Starting PortfoliobackendApplication using Java 21.0.7 with PID 32732 (C:\Users\AbiKumar D\Downloads\portfoliobackend\portfoliobackend\target\classes started by AbiKumar D in C:\Users\AbiKumar D\Downloads\portfoliobackend\portfoliobackend)
2026-07-04T06:55:08.406+05:30  INFO 32732 --- [portfoliobackend] [restartedMain] c.a.p.PortfoliobackendApplication        : No active profile set, falling back to 1 default profile: "default"
2026-07-04T06:55:08.484+05:30  INFO 32732 --- [portfoliobackend] [restartedMain] .e.DevToolsPropertyDefaultsPostProcessor : Devtools property defaults active! Set 'spring.devtools.add-properties' to 'false' to disable
2026-07-04T06:55:08.485+05:30  INFO 32732 --- [portfoliobackend] [restartedMain] .e.DevToolsPropertyDefaultsPostProcessor : For additional web related logging consider setting the 'logging.level.web' property to 'DEBUG'
2026-07-04T06:55:09.586+05:30  INFO 32732 --- [portfoliobackend] [restartedMain] .s.d.r.c.RepositoryConfigurationDelegate : Multiple Spring Data modules found, entering strict repository configuration mode
2026-07-04T06:55:09.590+05:30  INFO 32732 --- [portfoliobackend] [restartedMain] .s.d.r.c.RepositoryConfigurationDelegate : Bootstrapping Spring Data Redis repositories in DEFAULT mode.
2026-07-04T06:55:09.644+05:30  INFO 32732 --- [portfoliobackend] [restartedMain] .s.d.r.c.RepositoryConfigurationDelegate : Finished Spring Data repository scanning in 28 ms. Found 0 Redis repository interfaces.
2026-07-04T06:55:10.536+05:30  INFO 32732 --- [portfoliobackend] [restartedMain] o.s.boot.tomcat.TomcatWebServer          : Tomcat initialized with port 8080 (http)
2026-07-04T06:55:10.558+05:30  INFO 32732 --- [portfoliobackend] [restartedMain] o.apache.catalina.core.StandardService   : Starting service [Tomcat]
2026-07-04T06:55:10.558+05:30  INFO 32732 --- [portfoliobackend] [restartedMain] o.apache.catalina.core.StandardEngine    : Starting Servlet engine: [Apache Tomcat/11.0.21]
2026-07-04T06:55:10.619+05:30  INFO 32732 --- [portfoliobackend] [restartedMain] b.w.c.s.WebApplicationContextInitializer : Root WebApplicationContext: initialization completed in 2134 ms
2026-07-04T06:55:11.490+05:30  WARN 32732 --- [portfoliobackend] [restartedMain] .s.a.UserDetailsServiceAutoConfiguration : 

Using generated security password: 936b1415-28bb-4e8a-9e99-ef9013de2b4a

This generated password is for development use only. Your security configuration must be updated before running your application in production.

2026-07-04T06:55:11.506+05:30  INFO 32732 --- [portfoliobackend] [restartedMain] r$InitializeUserDetailsManagerConfigurer : Global AuthenticationManager configured with UserDetailsService bean with name inMemoryUserDetailsManager
2026-07-04T06:55:12.346+05:30  INFO 32732 --- [portfoliobackend] [restartedMain] o.s.boot.tomcat.TomcatWebServer          : Tomcat started on port 8080 (http) with context path '/'
2026-07-04T06:55:12.359+05:30  INFO 32732 --- [portfoliobackend] [restartedMain] c.a.p.PortfoliobackendApplication        : Started PortfoliobackendApplication in 4.488 seconds (process running for 5.454)
2026-07-04T06:57:57.115+05:30  INFO 32732 --- [portfoliobackend] [http-nio-8080-exec-2] o.a.c.c.C.[Tomcat].[localhost].[/]       : Initializing Spring DispatcherServlet 'dispatcherServlet'
2026-07-04T06:57:57.115+05:30  INFO 32732 --- [portfoliobackend] [http-nio-8080-exec-2] o.s.web.servlet.DispatcherServlet        : Initializing Servlet 'dispatcherServlet'
2026-07-04T06:57:57.119+05:30  INFO 32732 --- [portfoliobackend] [http-nio-8080-exec-2] o.s.web.servlet.DispatcherServlet        : Completed initialization in 3 ms
2026-07-04T06:57:57.374+05:30  INFO 32732 --- [portfoliobackend] [http-nio-8080-exec-2] com.zaxxer.hikari.HikariDataSource       : HikariPool-1 - Starting...
2026-07-04T06:57:58.275+05:30  INFO 32732 --- [portfoliobackend] [http-nio-8080-exec-2] com.zaxxer.hikari.pool.HikariPool        : HikariPool-1 - Added connection com.mysql.cj.jdbc.ConnectionImpl@199923d9
2026-07-04T06:57:58.278+05:30  INFO 32732 --- [portfoliobackend] [http-nio-8080-exec-2] com.zaxxer.hikari.HikariDataSource       : HikariPool-1 - Start completed.
2026-07-04T06:59:39.593+05:30  WARN 32732 --- [portfoliobackend] [http-nio-8080-exec-4] .w.s.m.s.DefaultHandlerExceptionResolver : Resolved [org.springframework.web.HttpRequestMethodNotSupportedException: Request method 'POST' is not supported]
2026-07-04T07:02:03.222+05:30  WARN 32732 --- [portfoliobackend] [http-nio-8080-exec-10] .w.s.m.s.DefaultHandlerExceptionResolver : Resolved [org.springframework.web.HttpRequestMethodNotSupportedException: Request method 'POST' is not supported]
2026-07-04T07:02:09.620+05:30  WARN 32732 --- [portfoliobackend] [http-nio-8080-exec-9] .w.s.m.s.DefaultHandlerExceptionResolver : Resolved [org.springframework.web.HttpRequestMethodNotSupportedException: Request method 'POST' is not supported]
2026-07-04T08:14:45.987+05:30  INFO 32732 --- [portfoliobackend] [RMI TCP Connection(83)-127.0.0.1] inMXBeanRegistrar$SpringApplicationAdmin : Application shutdown requested.
2026-07-04T08:14:45.995+05:30  INFO 32732 --- [portfoliobackend] [RMI TCP Connection(83)-127.0.0.1] o.s.boot.tomcat.GracefulShutdown         : Commencing graceful shutdown. Waiting for active requests to complete
2026-07-04T08:14:46.003+05:30  INFO 32732 --- [portfoliobackend] [tomcat-shutdown] o.s.boot.tomcat.GracefulShutdown         : Graceful shutdown complete
2026-07-04T08:14:46.022+05:30  INFO 32732 --- [portfoliobackend] [RMI TCP Connection(83)-127.0.0.1] com.zaxxer.hikari.HikariDataSource       : HikariPool-1 - Shutdown initiated...
2026-07-04T08:14:46.027+05:30  INFO 32732 --- [portfoliobackend] [RMI TCP Connection(83)-127.0.0.1] com.zaxxer.hikari.HikariDataSource       : HikariPool-1 - Shutdown completed.
2026-07-04T08:16:35.760+05:30  INFO 21192 --- [portfoliobackend] [restartedMain] c.a.p.PortfoliobackendApplication        : Starting PortfoliobackendApplication using Java 21.0.7 with PID 21192 (C:\Users\AbiKumar D\Downloads\portfoliobackend\portfoliobackend\target\classes started by AbiKumar D in C:\Users\AbiKumar D\Downloads\portfoliobackend\portfoliobackend)
2026-07-04T08:16:35.763+05:30  INFO 21192 --- [portfoliobackend] [restartedMain] c.a.p.PortfoliobackendApplication        : No active profile set, falling back to 1 default profile: "default"
2026-07-04T08:16:35.832+05:30  INFO 21192 --- [portfoliobackend] [restartedMain] .e.DevToolsPropertyDefaultsPostProcessor : Devtools property defaults active! Set 'spring.devtools.add-properties' to 'false' to disable
2026-07-04T08:16:35.833+05:30  INFO 21192 --- [portfoliobackend] [restartedMain] .e.DevToolsPropertyDefaultsPostProcessor : For additional web related logging consider setting the 'logging.level.web' property to 'DEBUG'
2026-07-04T08:16:36.857+05:30  INFO 21192 --- [portfoliobackend] [restartedMain] .s.d.r.c.RepositoryConfigurationDelegate : Multiple Spring Data modules found, entering strict repository configuration mode
2026-07-04T08:16:36.863+05:30  INFO 21192 --- [portfoliobackend] [restartedMain] .s.d.r.c.RepositoryConfigurationDelegate : Bootstrapping Spring Data Redis repositories in DEFAULT mode.
2026-07-04T08:16:36.913+05:30  INFO 21192 --- [portfoliobackend] [restartedMain] .s.d.r.c.RepositoryConfigurationDelegate : Finished Spring Data repository scanning in 22 ms. Found 0 Redis repository interfaces.
2026-07-04T08:16:37.804+05:30  INFO 21192 --- [portfoliobackend] [restartedMain] o.s.boot.tomcat.TomcatWebServer          : Tomcat initialized with port 8080 (http)
2026-07-04T08:16:37.823+05:30  INFO 21192 --- [portfoliobackend] [restartedMain] o.apache.catalina.core.StandardService   : Starting service [Tomcat]
2026-07-04T08:16:37.824+05:30  INFO 21192 --- [portfoliobackend] [restartedMain] o.apache.catalina.core.StandardEngine    : Starting Servlet engine: [Apache Tomcat/11.0.21]
2026-07-04T08:16:37.882+05:30  INFO 21192 --- [portfoliobackend] [restartedMain] b.w.c.s.WebApplicationContextInitializer : Root WebApplicationContext: initialization completed in 2048 ms
2026-07-04T08:16:38.793+05:30  WARN 21192 --- [portfoliobackend] [restartedMain] .s.a.UserDetailsServiceAutoConfiguration : 

Using generated security password: b4ae0272-c1e8-486c-99e6-51e7c8138a3d

This generated password is for development use only. Your security configuration must be updated before running your application in production.

2026-07-04T08:16:38.806+05:30  INFO 21192 --- [portfoliobackend] [restartedMain] r$InitializeUserDetailsManagerConfigurer : Global AuthenticationManager configured with UserDetailsService bean with name inMemoryUserDetailsManager
2026-07-04T08:16:39.668+05:30  INFO 21192 --- [portfoliobackend] [restartedMain] o.s.boot.tomcat.TomcatWebServer          : Tomcat started on port 8080 (http) with context path '/'
2026-07-04T08:16:39.678+05:30  INFO 21192 --- [portfoliobackend] [restartedMain] c.a.p.PortfoliobackendApplication        : Started PortfoliobackendApplication in 4.436 seconds (process running for 5.322)
2026-07-04T08:17:09.532+05:30  INFO 21192 --- [portfoliobackend] [http-nio-8080-exec-3] o.a.c.c.C.[Tomcat].[localhost].[/]       : Initializing Spring DispatcherServlet 'dispatcherServlet'
2026-07-04T08:17:09.533+05:30  INFO 21192 --- [portfoliobackend] [http-nio-8080-exec-3] o.s.web.servlet.DispatcherServlet        : Initializing Servlet 'dispatcherServlet'
2026-07-04T08:17:09.542+05:30  INFO 21192 --- [portfoliobackend] [http-nio-8080-exec-3] o.s.web.servlet.DispatcherServlet        : Completed initialization in 7 ms
2026-07-04T08:17:09.921+05:30  INFO 21192 --- [portfoliobackend] [http-nio-8080-exec-3] com.zaxxer.hikari.HikariDataSource       : HikariPool-1 - Starting...
2026-07-04T08:17:10.614+05:30  INFO 21192 --- [portfoliobackend] [http-nio-8080-exec-3] com.zaxxer.hikari.pool.HikariPool        : HikariPool-1 - Added connection com.mysql.cj.jdbc.ConnectionImpl@2561f7d3
2026-07-04T08:17:10.618+05:30  INFO 21192 --- [portfoliobackend] [http-nio-8080-exec-3] com.zaxxer.hikari.HikariDataSource       : HikariPool-1 - Start completed.
2026-07-04T08:28:13.173+05:30  INFO 21192 --- [portfoliobackend] [RMI TCP Connection(15)-127.0.0.1] inMXBeanRegistrar$SpringApplicationAdmin : Application shutdown requested.
2026-07-04T08:28:13.179+05:30  INFO 21192 --- [portfoliobackend] [RMI TCP Connection(15)-127.0.0.1] o.s.boot.tomcat.GracefulShutdown         : Commencing graceful shutdown. Waiting for active requests to complete
2026-07-04T08:28:13.185+05:30  INFO 21192 --- [portfoliobackend] [tomcat-shutdown] o.s.boot.tomcat.GracefulShutdown         : Graceful shutdown complete
2026-07-04T08:28:13.200+05:30  INFO 21192 --- [portfoliobackend] [RMI TCP Connection(15)-127.0.0.1] com.zaxxer.hikari.HikariDataSource       : HikariPool-1 - Shutdown initiated...
2026-07-04T08:28:13.210+05:30  INFO 21192 --- [portfoliobackend] [RMI TCP Connection(15)-127.0.0.1] com.zaxxer.hikari.HikariDataSource       : HikariPool-1 - Shutdown completed.
2026-07-04T08:35:57.764+05:30  INFO 1588 --- [portfoliobackend] [restartedMain] c.a.p.PortfoliobackendApplication        : Starting PortfoliobackendApplication using Java 21.0.7 with PID 1588 (C:\Users\AbiKumar D\Downloads\portfoliobackend\portfoliobackend\target\classes started by AbiKumar D in C:\Users\AbiKumar D\Downloads\portfoliobackend\portfoliobackend)
2026-07-04T08:35:57.768+05:30  INFO 1588 --- [portfoliobackend] [restartedMain] c.a.p.PortfoliobackendApplication        : No active profile set, falling back to 1 default profile: "default"
2026-07-04T08:35:57.836+05:30  INFO 1588 --- [portfoliobackend] [restartedMain] .e.DevToolsPropertyDefaultsPostProcessor : Devtools property defaults active! Set 'spring.devtools.add-properties' to 'false' to disable
2026-07-04T08:35:57.836+05:30  INFO 1588 --- [portfoliobackend] [restartedMain] .e.DevToolsPropertyDefaultsPostProcessor : For additional web related logging consider setting the 'logging.level.web' property to 'DEBUG'
2026-07-04T08:35:59.033+05:30  INFO 1588 --- [portfoliobackend] [restartedMain] .s.d.r.c.RepositoryConfigurationDelegate : Multiple Spring Data modules found, entering strict repository configuration mode
2026-07-04T08:35:59.039+05:30  INFO 1588 --- [portfoliobackend] [restartedMain] .s.d.r.c.RepositoryConfigurationDelegate : Bootstrapping Spring Data Redis repositories in DEFAULT mode.
2026-07-04T08:35:59.093+05:30  INFO 1588 --- [portfoliobackend] [restartedMain] .s.d.r.c.RepositoryConfigurationDelegate : Finished Spring Data repository scanning in 25 ms. Found 0 Redis repository interfaces.
2026-07-04T08:36:00.144+05:30  INFO 1588 --- [portfoliobackend] [restartedMain] o.s.boot.tomcat.TomcatWebServer          : Tomcat initialized with port 8080 (http)
2026-07-04T08:36:00.169+05:30  INFO 1588 --- [portfoliobackend] [restartedMain] o.apache.catalina.core.StandardService   : Starting service [Tomcat]
2026-07-04T08:36:00.170+05:30  INFO 1588 --- [portfoliobackend] [restartedMain] o.apache.catalina.core.StandardEngine    : Starting Servlet engine: [Apache Tomcat/11.0.21]
2026-07-04T08:36:00.242+05:30  INFO 1588 --- [portfoliobackend] [restartedMain] b.w.c.s.WebApplicationContextInitializer : Root WebApplicationContext: initialization completed in 2405 ms
2026-07-04T08:36:01.178+05:30  WARN 1588 --- [portfoliobackend] [restartedMain] .s.a.UserDetailsServiceAutoConfiguration : 

Using generated security password: 357eddbf-bd57-42c4-b3c2-b22d1ab66625

This generated password is for development use only. Your security configuration must be updated before running your application in production.

2026-07-04T08:36:01.188+05:30  INFO 1588 --- [portfoliobackend] [restartedMain] r$InitializeUserDetailsManagerConfigurer : Global AuthenticationManager configured with UserDetailsService bean with name inMemoryUserDetailsManager
2026-07-04T08:36:02.008+05:30  INFO 1588 --- [portfoliobackend] [restartedMain] o.s.boot.tomcat.TomcatWebServer          : Tomcat started on port 8080 (http) with context path '/'
2026-07-04T08:36:02.020+05:30  INFO 1588 --- [portfoliobackend] [restartedMain] c.a.p.PortfoliobackendApplication        : Started PortfoliobackendApplication in 4.784 seconds (process running for 5.666)
2026-07-04T08:36:51.147+05:30  INFO 1588 --- [portfoliobackend] [http-nio-8080-exec-1] o.a.c.c.C.[Tomcat].[localhost].[/]       : Initializing Spring DispatcherServlet 'dispatcherServlet'
2026-07-04T08:36:51.148+05:30  INFO 1588 --- [portfoliobackend] [http-nio-8080-exec-1] o.s.web.servlet.DispatcherServlet        : Initializing Servlet 'dispatcherServlet'
2026-07-04T08:36:51.151+05:30  INFO 1588 --- [portfoliobackend] [http-nio-8080-exec-1] o.s.web.servlet.DispatcherServlet        : Completed initialization in 3 ms
2026-07-04T08:36:51.243+05:30  INFO 1588 --- [portfoliobackend] [http-nio-8080-exec-1] com.zaxxer.hikari.HikariDataSource       : HikariPool-1 - Starting...
2026-07-04T08:36:51.893+05:30  INFO 1588 --- [portfoliobackend] [http-nio-8080-exec-1] com.zaxxer.hikari.pool.HikariPool        : HikariPool-1 - Added connection com.mysql.cj.jdbc.ConnectionImpl@297014fe
2026-07-04T08:36:51.897+05:30  INFO 1588 --- [portfoliobackend] [http-nio-8080-exec-1] com.zaxxer.hikari.HikariDataSource       : HikariPool-1 - Start completed.
2026-07-04T10:58:20.663+05:30  WARN 1588 --- [portfoliobackend] [HikariPool-1:housekeeper] com.zaxxer.hikari.pool.HikariPool        : HikariPool-1 - Thread starvation or clock leap detected (housekeeper delta=47m57s245ms483µs800ns).
2026-07-04T12:09:00.560+05:30  WARN 1588 --- [portfoliobackend] [HikariPool-1:housekeeper] com.zaxxer.hikari.pool.HikariPool        : HikariPool-1 - Thread starvation or clock leap detected (housekeeper delta=1h10m39s896ms155µs300ns).
2026-07-04T12:21:34.428+05:30  INFO 1588 --- [portfoliobackend] [http-nio-8080-exec-5] c.a.p.service.HRServiceImpl              : HR Save Started
2026-07-04T12:21:34.428+05:30  INFO 1588 --- [portfoliobackend] [http-nio-8080-exec-5] c.a.p.service.HRServiceImpl              : HR Name : aa
2026-07-04T12:21:34.428+05:30  INFO 1588 --- [portfoliobackend] [http-nio-8080-exec-5] c.a.p.service.HRServiceImpl              : Company : aa
2026-07-04T12:21:34.444+05:30  INFO 1588 --- [portfoliobackend] [http-nio-8080-exec-5] c.a.p.service.HRServiceImpl              : HR Details Saved Successfully
2026-07-04T17:08:22.968+05:30  INFO 1588 --- [portfoliobackend] [RMI TCP Connection(401)-127.0.0.1] inMXBeanRegistrar$SpringApplicationAdmin : Application shutdown requested.
2026-07-04T17:08:23.001+05:30  INFO 1588 --- [portfoliobackend] [RMI TCP Connection(401)-127.0.0.1] o.s.boot.tomcat.GracefulShutdown         : Commencing graceful shutdown. Waiting for active requests to complete
2026-07-04T17:08:23.017+05:30  INFO 1588 --- [portfoliobackend] [tomcat-shutdown] o.s.boot.tomcat.GracefulShutdown         : Graceful shutdown complete
2026-07-04T17:08:23.071+05:30  INFO 1588 --- [portfoliobackend] [RMI TCP Connection(401)-127.0.0.1] com.zaxxer.hikari.HikariDataSource       : HikariPool-1 - Shutdown initiated...
2026-07-04T17:08:23.080+05:30  INFO 1588 --- [portfoliobackend] [RMI TCP Connection(401)-127.0.0.1] com.zaxxer.hikari.HikariDataSource       : HikariPool-1 - Shutdown completed.
